<?xml version="1.0" encoding="UTF-8"?>
<!-- Generated by org.testng.reporters.JUnitReportReporter -->
<testsuite hostname="TIAABCP-UNADDSI013L3904534" failures="0" tests="4" name="api.test.UserTests" time="18.118" errors="0" timestamp="2024-12-25T19:32:25 IST" skipped="0">
  <testcase classname="api.test.UserTests" name="testPostUser" time="4.470"/>
  <testcase classname="api.test.UserTests" name="testGetUserByName" time="2.394"/>
  <testcase classname="api.test.UserTests" name="testUpdateUserByName" time="9.107"/>
  <testcase classname="api.test.UserTests" name="testDeleteUserByName" time="2.147"/>
</testsuite> <!-- api.test.UserTests -->
