<?xml version="1.0" encoding="UTF-8"?>
<!-- Generated by org.testng.reporters.JUnitReportReporter -->
<testsuite hostname="TIAABCP-UNADDSI013L3904534" failures="0" tests="4" name="api.test.UserTestsProperties" time="13.095" errors="0" timestamp="2024-12-30T09:59:37 IST" skipped="0">
  <testcase classname="api.test.UserTestsProperties" name="testPostUser" time="3.953"/>
  <testcase classname="api.test.UserTestsProperties" name="testGetUserByName" time="2.186"/>
  <testcase classname="api.test.UserTestsProperties" name="testUpdateUserByName" time="4.398"/>
  <testcase classname="api.test.UserTestsProperties" name="testDeleteUserByName" time="2.558"/>
</testsuite> <!-- api.test.UserTestsProperties -->
